127.0.0.1 - - [22/Jun/2023:23:10:23 -0300] "GET / HTTP/1.1" 500 -
127.0.0.1 - - [22/Jun/2023:23:10:25 -0300] "GET / HTTP/1.1" 500 -
127.0.0.1 - - [22/Jun/2023:23:10:27 -0300] "GET / HTTP/1.1" 500 -
::1 - - [22/Jun/2023:23:10:33 -0300] "GET /?debug HTTP/1.1" 200 1070
::1 - - [22/Jun/2023:23:11:07 -0300] "GET /?debug HTTP/1.1" 200 1070
::1 - - [22/Jun/2023:23:11:29 -0300] "GET /?debug HTTP/1.1" 200 384
::1 - - [22/Jun/2023:23:11:38 -0300] "GET /?debug HTTP/1.1" 200 380
::1 - - [22/Jun/2023:23:11:45 -0300] "GET /?debug HTTP/1.1" 200 1233
::1 - - [22/Jun/2023:23:11:59 -0300] "GET /?debug HTTP/1.1" 200 380
::1 - - [22/Jun/2023:23:12:08 -0300] "GET /?debug HTTP/1.1" 200 380
::1 - - [22/Jun/2023:23:12:35 -0300] "GET /?debug HTTP/1.1" 200 384
::1 - - [22/Jun/2023:23:13:45 -0300] "GET /?debug HTTP/1.1" 200 64
::1 - - [22/Jun/2023:23:14:03 -0300] "GET /?debug HTTP/1.1" 200 80
::1 - - [22/Jun/2023:23:14:37 -0300] "GET /?debug HTTP/1.1" 200 133
::1 - - [22/Jun/2023:23:15:35 -0300] "GET /?debug HTTP/1.1" 200 200
::1 - - [22/Jun/2023:23:15:49 -0300] "GET /?debug HTTP/1.1" 200 200
::1 - - [22/Jun/2023:23:15:52 -0300] "GET /?debug HTTP/1.1" 200 200
::1 - - [22/Jun/2023:23:16:10 -0300] "GET /?debug HTTP/1.1" 200 245
::1 - - [22/Jun/2023:23:16:45 -0300] "GET /?debug HTTP/1.1" 200 247
::1 - - [22/Jun/2023:23:16:54 -0300] "GET /?debug HTTP/1.1" 200 249
::1 - - [22/Jun/2023:23:17:04 -0300] "GET /?debug HTTP/1.1" 200 245
::1 - - [22/Jun/2023:23:17:26 -0300] "GET /?debug HTTP/1.1" 200 245
::1 - - [22/Jun/2023:23:17:28 -0300] "GET /?debug HTTP/1.1" 200 245
::1 - - [22/Jun/2023:23:17:32 -0300] "GET /?debug HTTP/1.1" 200 245
::1 - - [22/Jun/2023:23:20:05 -0300] "GET /?debug HTTP/1.1" 200 245
::1 - - [22/Jun/2023:23:20:11 -0300] "GET /?debug HTTP/1.1" 200 245
::1 - - [22/Jun/2023:23:20:39 -0300] "GET /?debug HTTP/1.1" 200 245
::1 - - [22/Jun/2023:23:20:41 -0300] "GET /?debug HTTP/1.1" 200 245
::1 - - [22/Jun/2023:23:20:42 -0300] "GET /?debug HTTP/1.1" 200 245
::1 - - [22/Jun/2023:23:20:49 -0300] "GET /?debug HTTP/1.1" 200 245
::1 - - [22/Jun/2023:23:25:58 -0300] "GET /?debug HTTP/1.1" 200 210
::1 - - [22/Jun/2023:23:30:32 -0300] "GET /?debug HTTP/1.1" 200 271
::1 - - [22/Jun/2023:23:30:47 -0300] "GET /?debug HTTP/1.1" 200 271
::1 - - [22/Jun/2023:23:30:52 -0300] "GET /?debug HTTP/1.1" 200 271
::1 - - [22/Jun/2023:23:31:27 -0300] "GET /?debug HTTP/1.1" 200 271
::1 - - [22/Jun/2023:23:31:40 -0300] "GET /?debug HTTP/1.1" 200 267
::1 - - [22/Jun/2023:23:32:37 -0300] "GET /?debug HTTP/1.1" 200 267
::1 - - [22/Jun/2023:23:35:25 -0300] "GET / HTTP/1.1" 200 3544
::1 - - [22/Jun/2023:23:35:26 -0300] "GET /public/css/diario.css HTTP/1.1" 404 295
::1 - - [22/Jun/2023:23:35:26 -0300] "GET /libs/jquery/js/jquery_2.1.3.min.js HTTP/1.1" 200 84320
::1 - - [22/Jun/2023:23:35:26 -0300] "GET /favicon.ico HTTP/1.1" 404 295
::1 - - [22/Jun/2023:23:36:53 -0300] "GET / HTTP/1.1" 200 3473
::1 - - [22/Jun/2023:23:36:53 -0300] "GET /public/css/diario.css HTTP/1.1" 404 295
::1 - - [22/Jun/2023:23:37:05 -0300] "POST /home/create/null HTTP/1.1" 404 295
::1 - - [22/Jun/2023:23:37:07 -0300] "POST /home/create/null HTTP/1.1" 404 295
::1 - - [22/Jun/2023:23:37:09 -0300] "GET /public/css/diario.css HTTP/1.1" 404 295
::1 - - [22/Jun/2023:23:37:12 -0300] "GET / HTTP/1.1" 200 3473
::1 - - [22/Jun/2023:23:37:12 -0300] "GET /public/css/diario.css HTTP/1.1" 404 295
::1 - - [22/Jun/2023:23:37:15 -0300] "POST /home/create/null HTTP/1.1" 404 295
::1 - - [22/Jun/2023:23:37:21 -0300] "POST /home/create/null HTTP/1.1" 404 295
::1 - - [22/Jun/2023:23:38:20 -0300] "GET / HTTP/1.1" 200 3473
::1 - - [22/Jun/2023:23:38:20 -0300] "GET /public/css/diario.css HTTP/1.1" 404 295
::1 - - [22/Jun/2023:23:38:22 -0300] "POST /home/create/null HTTP/1.1" 404 295
::1 - - [22/Jun/2023:23:38:23 -0300] "POST /home/create/null HTTP/1.1" 404 295
::1 - - [22/Jun/2023:23:38:23 -0300] "POST /home/create/null HTTP/1.1" 404 295
::1 - - [22/Jun/2023:23:38:24 -0300] "POST /home/create/null HTTP/1.1" 404 295
::1 - - [22/Jun/2023:23:38:24 -0300] "POST /home/create/null HTTP/1.1" 404 295
::1 - - [22/Jun/2023:23:38:25 -0300] "POST /home/create/null HTTP/1.1" 404 295
::1 - - [22/Jun/2023:23:39:14 -0300] "GET / HTTP/1.1" 200 3540
::1 - - [22/Jun/2023:23:39:14 -0300] "GET /public/css/diario.css HTTP/1.1" 404 295
::1 - - [22/Jun/2023:23:39:25 -0300] "POST /home/create HTTP/1.1" 404 295
::1 - - [22/Jun/2023:23:39:41 -0300] "GET /homr HTTP/1.1" 404 295
::1 - - [22/Jun/2023:23:39:45 -0300] "GET /homr HTTP/1.1" 404 295
::1 - - [22/Jun/2023:23:39:49 -0300] "GET /home HTTP/1.1" 404 295
::1 - - [22/Jun/2023:23:39:51 -0300] "GET /home HTTP/1.1" 404 295
::1 - - [22/Jun/2023:23:39:54 -0300] "GET /home HTTP/1.1" 404 295
::1 - - [22/Jun/2023:23:39:57 -0300] "GET /home?debug HTTP/1.1" 404 295
::1 - - [22/Jun/2023:23:43:45 -0300] "GET /home?debug HTTP/1.1" 200 3540
::1 - - [22/Jun/2023:23:43:45 -0300] "GET /libs/jquery/js/jquery_2.1.3.min.js HTTP/1.1" 304 -
::1 - - [22/Jun/2023:23:43:45 -0300] "GET /public/css/diario.css HTTP/1.1" 200 3540
::1 - - [22/Jun/2023:23:43:48 -0300] "GET /home HTTP/1.1" 200 3540
::1 - - [22/Jun/2023:23:43:49 -0300] "GET /public/css/diario.css HTTP/1.1" 200 3540
::1 - - [22/Jun/2023:23:43:51 -0300] "POST /home/create HTTP/1.1" 200 3540
::1 - - [22/Jun/2023:23:43:57 -0300] "POST /home/create HTTP/1.1" 200 3540
::1 - - [22/Jun/2023:23:44:03 -0300] "POST /home/create HTTP/1.1" 200 3540
::1 - - [22/Jun/2023:23:44:23 -0300] "GET /home HTTP/1.1" 200 3562
::1 - - [22/Jun/2023:23:44:23 -0300] "GET /public/css/diario.css HTTP/1.1" 200 3562
::1 - - [22/Jun/2023:23:44:24 -0300] "POST /home/create HTTP/1.1" 200 3562
::1 - - [22/Jun/2023:23:44:47 -0300] "GET / HTTP/1.1" 200 3562
::1 - - [22/Jun/2023:23:44:47 -0300] "GET /public/css/diario.css HTTP/1.1" 200 3562
::1 - - [22/Jun/2023:23:44:49 -0300] "GET / HTTP/1.1" 200 3562
::1 - - [22/Jun/2023:23:44:49 -0300] "GET /public/css/diario.css HTTP/1.1" 200 3562
::1 - - [22/Jun/2023:23:44:51 -0300] "POST /home/create HTTP/1.1" 200 3562
::1 - - [22/Jun/2023:23:44:52 -0300] "POST /home/create HTTP/1.1" 200 3562
::1 - - [22/Jun/2023:23:45:19 -0300] "GET / HTTP/1.1" 200 3590
::1 - - [22/Jun/2023:23:45:19 -0300] "GET /public/css/diario.css HTTP/1.1" 200 3590
::1 - - [22/Jun/2023:23:45:45 -0300] "GET / HTTP/1.1" 200 3624
::1 - - [22/Jun/2023:23:45:45 -0300] "GET /public/css/diario.css HTTP/1.1" 200 3624
::1 - - [22/Jun/2023:23:45:46 -0300] "POST //home/create HTTP/1.1" 200 3624
::1 - - [22/Jun/2023:23:45:51 -0300] "POST //home/create HTTP/1.1" 200 3624
::1 - - [22/Jun/2023:23:45:55 -0300] "GET / HTTP/1.1" 200 3624
::1 - - [22/Jun/2023:23:45:55 -0300] "GET /public/css/diario.css HTTP/1.1" 200 3624
::1 - - [22/Jun/2023:23:45:56 -0300] "POST //home/create HTTP/1.1" 200 3624
::1 - - [22/Jun/2023:23:45:58 -0300] "POST //home/create HTTP/1.1" 200 3624
::1 - - [22/Jun/2023:23:46:09 -0300] "GET / HTTP/1.1" 200 3590
::1 - - [22/Jun/2023:23:46:09 -0300] "GET /public/css/diario.css HTTP/1.1" 200 3590
::1 - - [22/Jun/2023:23:46:11 -0300] "POST /home/create HTTP/1.1" 200 3590
::1 - - [22/Jun/2023:23:46:13 -0300] "POST /home/create HTTP/1.1" 200 3590
